<?xml version="1.0" encoding="UTF-8"?>
<!-- Generated by org.testng.reporters.JUnitReportReporter -->
<testsuite hostname="DESKTOP-BH6QJ6H" failures="0" tests="1" name="PatternPrograms.Pattern13" time="0.012" errors="0" timestamp="2023-07-24T14:50:19 IST" skipped="0">
  <testcase classname="PatternPrograms.Pattern13" name="main" time="0.012"/>
  <system-out/>
</testsuite> <!-- PatternPrograms.Pattern13 -->
