<?xml version="1.0" encoding="UTF-8"?>
<!-- Generated by org.testng.reporters.JUnitReportReporter -->
<testsuite hostname="DESKTOP-BH6QJ6H" failures="0" tests="1" name="PatternPrograms.Pattern10" time="0.035" errors="0" timestamp="2023-07-24T14:50:19 IST" skipped="0">
  <testcase classname="PatternPrograms.Pattern10" name="pattern" time="0.035"/>
  <system-out/>
</testsuite> <!-- PatternPrograms.Pattern10 -->
