<?xml version="1.0" encoding="UTF-8"?>
<!-- Generated by org.testng.reporters.JUnitReportReporter -->
<testsuite hostname="DESKTOP-BH6QJ6H" failures="0" tests="1" name="hrm.headtest.CorporateTest" time="8.392" errors="0" timestamp="2023-07-13T14:18:53 IST" skipped="0">
  <testcase classname="hrm.headtest.CorporateTest" name="Corporate" time="8.392"/>
  <system-out>
    <![CDATA[Testingis verified PASS
Developmentis verified PASS
Corporate deleted]]>
  </system-out>
</testsuite> <!-- hrm.headtest.CorporateTest -->
