<?xml version="1.0" encoding="UTF-8"?>
<!-- Generated by org.testng.reporters.JUnitReportReporter -->
<testsuite hostname="DESKTOP-BH6QJ6H" failures="0" tests="1" name="practice.DataProviderTest" time="0.015" errors="0" timestamp="2023-07-07T10:33:50 IST" skipped="0">
  <testcase classname="practice.DataProviderTest" name="logintest" time="0.015"/>
  <system-out/>
</testsuite> <!-- practice.DataProviderTest -->
