<?xml version="1.0" encoding="UTF-8"?>
<!-- Generated by org.testng.reporters.JUnitReportReporter -->
<testsuite hostname="DESKTOP-BH6QJ6H" failures="0" tests="1" name="PatternPrograms.Pattern8" time="0.013" errors="0" timestamp="2023-07-21T16:21:04 IST" skipped="0">
  <testcase classname="PatternPrograms.Pattern8" name="pattern" time="0.013"/>
  <system-out/>
</testsuite> <!-- PatternPrograms.Pattern8 -->
