<?xml version="1.0" encoding="UTF-8"?>
<!-- Generated by org.testng.reporters.JUnitReportReporter -->
<testsuite hostname="DESKTOP-BH6QJ6H" failures="0" tests="1" name="practice.Collectionprac" time="0.011" errors="0" timestamp="2023-07-18T16:17:59 IST" skipped="0">
  <testcase classname="practice.Collectionprac" name="arraylist" time="0.011"/>
  <system-out/>
</testsuite> <!-- practice.Collectionprac -->
