<?xml version="1.0" encoding="UTF-8"?>
<!-- Generated by org.testng.reporters.JUnitReportReporter -->
<testsuite hostname="DESKTOP-BH6QJ6H" failures="0" tests="1" name="com.hrm.genric.DataProviderTest" time="0.014" errors="0" timestamp="2023-07-07T12:17:01 IST" skipped="0">
  <testcase classname="com.hrm.genric.DataProviderTest" name="logintest" time="0.014"/>
  <system-out/>
</testsuite> <!-- com.hrm.genric.DataProviderTest -->
