<?xml version="1.0" encoding="UTF-8"?>
<!-- Generated by org.testng.reporters.JUnitReportReporter -->
<testsuite hostname="DESKTOP-BH6QJ6H" failures="0" tests="1" name="PatternPrograms.Pattern11" time="0.014" errors="0" timestamp="2023-07-21T16:25:10 IST" skipped="0">
  <testcase classname="PatternPrograms.Pattern11" name="pattern" time="0.014"/>
  <system-out/>
</testsuite> <!-- PatternPrograms.Pattern11 -->
