<?xml version="1.0" encoding="UTF-8"?>
<!-- Generated by org.testng.reporters.JUnitReportReporter -->
<testsuite hostname="DESKTOP-BH6QJ6H" failures="0" tests="1" name="JavaPrograms.DesscendingOrderUsingBubbleSort" time="0.015" errors="0" timestamp="2023-08-15T22:46:14 IST" skipped="0">
  <testcase classname="JavaPrograms.DesscendingOrderUsingBubbleSort" name="ToSortArrayInaAscendingOrderUsingBubbleSort" time="0.015"/>
  <system-out/>
</testsuite> <!-- JavaPrograms.DesscendingOrderUsingBubbleSort -->
