<?xml version="1.0" encoding="UTF-8"?>
<!-- Generated by org.testng.reporters.JUnitReportReporter -->
<testsuite hostname="DESKTOP-BH6QJ6H" failures="0" tests="1" name="PatternPrograms.Pattern3" time="0.002" errors="0" timestamp="2023-07-21T16:06:16 IST" skipped="0">
  <testcase classname="PatternPrograms.Pattern3" name="main" time="0.002"/>
  <system-out/>
</testsuite> <!-- PatternPrograms.Pattern3 -->
