<?xml version="1.0" encoding="UTF-8"?>
<!-- Generated by org.testng.reporters.JUnitReportReporter -->
<testsuite hostname="DESKTOP-BH6QJ6H" failures="0" tests="1" name="practice.Cosmocode" time="10.620" errors="0" timestamp="2023-08-25T12:55:37 IST" skipped="0">
  <testcase classname="practice.Cosmocode" name="cosmo" time="10.620"/>
  <system-out/>
</testsuite> <!-- practice.Cosmocode -->
