<?xml version="1.0" encoding="UTF-8"?>
<!-- Generated by org.testng.reporters.JUnitReportReporter -->
<testsuite hostname="DESKTOP-BH6QJ6H" failures="0" tests="1" name="hrm.headtest.BranchTest" time="7.764" errors="0" timestamp="2023-07-13T17:59:28 IST" skipped="0">
  <testcase classname="hrm.headtest.BranchTest" name="Branch" time="7.764"/>
  <system-out>
    <![CDATA[Mysoreis verified PASS
Hassanis verified PASS
Branch deleted]]>
  </system-out>
</testsuite> <!-- hrm.headtest.BranchTest -->
