<?xml version="1.0" encoding="UTF-8"?>
<!-- Generated by org.testng.reporters.JUnitReportReporter -->
<testsuite hostname="DESKTOP-BH6QJ6H" failures="0" tests="1" name="JavaPrograms.ArrayProgram" time="0.013" errors="0" timestamp="2023-07-19T12:51:16 IST" skipped="0">
  <testcase classname="JavaPrograms.ArrayProgram" name="ToSortArrayInaAscendingOrderUsingBubbleSort" time="0.013"/>
  <system-out/>
</testsuite> <!-- JavaPrograms.ArrayProgram -->
