<?xml version="1.0" encoding="UTF-8"?>
<!-- Generated by org.testng.reporters.JUnitReportReporter -->
<testsuite hostname="DESKTOP-BH6QJ6H" failures="0" tests="1" name="PatternPrograms.Pattern1" time="0.017" errors="0" timestamp="2023-08-08T12:53:59 IST" skipped="0">
  <testcase classname="PatternPrograms.Pattern1" name="pattern" time="0.017"/>
  <system-out/>
</testsuite> <!-- PatternPrograms.Pattern1 -->
