<?xml version="1.0" encoding="UTF-8"?>
<!-- Generated by org.testng.reporters.JUnitReportReporter -->
<testsuite hostname="DESKTOP-BH6QJ6H" failures="0" tests="1" name="PatternPrograms.Pattern4" time="0.004" errors="0" timestamp="2023-07-21T16:06:16 IST" skipped="0">
  <testcase classname="PatternPrograms.Pattern4" name="main" time="0.004"/>
  <system-out/>
</testsuite> <!-- PatternPrograms.Pattern4 -->
