<?xml version="1.0" encoding="UTF-8"?>
<!-- Generated by org.testng.reporters.JUnitReportReporter -->
<testsuite hostname="DESKTOP-BH6QJ6H" failures="0" tests="1" name="PatternPrograms.Pattern1" time="0.012" errors="0" timestamp="2023-07-21T16:06:16 IST" skipped="0">
  <testcase classname="PatternPrograms.Pattern1" name="pattern" time="0.012"/>
  <system-out/>
</testsuite> <!-- PatternPrograms.Pattern1 -->
