<?xml version="1.0" encoding="UTF-8"?>
<!-- Generated by org.testng.reporters.JUnitReportReporter -->
<testsuite hostname="DESKTOP-BH6QJ6H" failures="0" tests="1" name="PatternPrograms.Pattern6" time="0.005" errors="0" timestamp="2023-07-21T16:06:16 IST" skipped="0">
  <testcase classname="PatternPrograms.Pattern6" name="main" time="0.005"/>
  <system-out/>
</testsuite> <!-- PatternPrograms.Pattern6 -->
