<?xml version="1.0" encoding="UTF-8"?>
<!-- Generated by org.testng.reporters.JUnitReportReporter -->
<testsuite hostname="DESKTOP-BH6QJ6H" failures="0" tests="1" name="PatternPrograms.Pattern7" time="0.011" errors="0" timestamp="2023-07-21T16:09:43 IST" skipped="0">
  <testcase classname="PatternPrograms.Pattern7" name="main" time="0.011"/>
  <system-out/>
</testsuite> <!-- PatternPrograms.Pattern7 -->
