<?xml version="1.0" encoding="UTF-8"?>
<!-- Generated by org.testng.reporters.JUnitReportReporter -->
<testsuite hostname="DESKTOP-BH6QJ6H" failures="0" tests="1" name="JavaPrograms.FirstMinNumInArray" time="0.021" errors="0" timestamp="2023-07-19T14:41:44 IST" skipped="0">
  <testcase classname="JavaPrograms.FirstMinNumInArray" name="ToFind1stMinNumUsingBubbleSort" time="0.021"/>
  <system-out/>
</testsuite> <!-- JavaPrograms.FirstMinNumInArray -->
