<?xml version="1.0" encoding="UTF-8"?>
<!-- Generated by org.testng.reporters.JUnitReportReporter -->
<testsuite hostname="DESKTOP-BH6QJ6H" failures="0" tests="1" name="hrm.headtest.EmployeeTest" time="16.464" errors="0" timestamp="2023-07-12T16:29:07 IST" skipped="0">
  <testcase classname="hrm.headtest.EmployeeTest" name="Employee" time="16.464"/>
  <system-out>
    <![CDATA[Gojois verified PASS
Leviis verified PASS
Employee deleted]]>
  </system-out>
</testsuite> <!-- hrm.headtest.EmployeeTest -->
